[12Sep2024 00:05:28.964] [Server thread/INFO] [net.minecraft.client.server.IntegratedServer/]: Saving and pausing game...
[12Sep2024 00:05:28.999] [Server thread/INFO] [net.minecraft.server.MinecraftServer/]: Saving chunks for level 'ServerLevel[New World]'/minecraft:overworld
[12Sep2024 00:05:29.004] [Server thread/INFO] [net.minecraft.server.MinecraftServer/]: Saving chunks for level 'ServerLevel[New World]'/deeperdarker:otherside
[12Sep2024 00:05:29.005] [Server thread/INFO] [net.minecraft.server.MinecraftServer/]: Saving chunks for level 'ServerLevel[New World]'/minecraft:the_end
[12Sep2024 00:05:29.006] [Server thread/INFO] [net.minecraft.server.MinecraftServer/]: Saving chunks for level 'ServerLevel[New World]'/minecraft:the_nether
[12Sep2024 00:05:29.007] [Server thread/INFO] [net.minecraft.server.MinecraftServer/]: Saving chunks for level 'ServerLevel[New World]'/blue_skies:everbright
[12Sep2024 00:05:29.009] [Server thread/INFO] [net.minecraft.server.MinecraftServer/]: Saving chunks for level 'ServerLevel[New World]'/blue_skies:everdawn
[12Sep2024 00:05:29.009] [Server thread/INFO] [net.minecraft.server.MinecraftServer/]: Saving chunks for level 'ServerLevel[New World]'/twilightforest:twilight_forest
[12Sep2024 00:05:29.011] [Server thread/INFO] [net.minecraft.server.MinecraftServer/]: Saving chunks for level 'ServerLevel[New World]'/aether:the_aether
[12Sep2024 00:09:33.615] [Server thread/INFO] [net.minecraft.client.server.IntegratedServer/]: Saving and pausing game...
[12Sep2024 00:09:33.633] [Server thread/INFO] [net.minecraft.server.MinecraftServer/]: Saving chunks for level 'ServerLevel[New World]'/minecraft:overworld
[12Sep2024 00:09:33.637] [Server thread/INFO] [net.minecraft.server.MinecraftServer/]: Saving chunks for level 'ServerLevel[New World]'/deeperdarker:otherside
[12Sep2024 00:09:33.638] [Server thread/INFO] [net.minecraft.server.MinecraftServer/]: Saving chunks for level 'ServerLevel[New World]'/minecraft:the_end
[12Sep2024 00:09:33.638] [Server thread/INFO] [net.minecraft.server.MinecraftServer/]: Saving chunks for level 'ServerLevel[New World]'/minecraft:the_nether
[12Sep2024 00:09:33.639] [Server thread/INFO] [net.minecraft.server.MinecraftServer/]: Saving chunks for level 'ServerLevel[New World]'/blue_skies:everbright
[12Sep2024 00:09:33.639] [Server thread/INFO] [net.minecraft.server.MinecraftServer/]: Saving chunks for level 'ServerLevel[New World]'/blue_skies:everdawn
[12Sep2024 00:09:33.642] [Server thread/INFO] [net.minecraft.server.MinecraftServer/]: Saving chunks for level 'ServerLevel[New World]'/twilightforest:twilight_forest
[12Sep2024 00:09:33.642] [Server thread/INFO] [net.minecraft.server.MinecraftServer/]: Saving chunks for level 'ServerLevel[New World]'/aether:the_aether
[12Sep2024 00:10:30.114] [Server thread/INFO] [net.minecraft.client.server.IntegratedServer/]: Saving and pausing game...
[12Sep2024 00:10:30.145] [Server thread/INFO] [net.minecraft.server.MinecraftServer/]: Saving chunks for level 'ServerLevel[New World]'/minecraft:overworld
[12Sep2024 00:10:30.157] [Server thread/INFO] [net.minecraft.server.MinecraftServer/]: Saving chunks for level 'ServerLevel[New World]'/deeperdarker:otherside
[12Sep2024 00:10:30.157] [Server thread/INFO] [net.minecraft.server.MinecraftServer/]: Saving chunks for level 'ServerLevel[New World]'/minecraft:the_end
[12Sep2024 00:10:30.158] [Server thread/INFO] [net.minecraft.server.MinecraftServer/]: Saving chunks for level 'ServerLevel[New World]'/minecraft:the_nether
[12Sep2024 00:10:30.158] [Server thread/INFO] [net.minecraft.server.MinecraftServer/]: Saving chunks for level 'ServerLevel[New World]'/blue_skies:everbright
[12Sep2024 00:10:30.159] [Server thread/INFO] [net.minecraft.server.MinecraftServer/]: Saving chunks for level 'ServerLevel[New World]'/blue_skies:everdawn
[12Sep2024 00:10:30.159] [Server thread/INFO] [net.minecraft.server.MinecraftServer/]: Saving chunks for level 'ServerLevel[New World]'/twilightforest:twilight_forest
[12Sep2024 00:10:30.160] [Server thread/INFO] [net.minecraft.server.MinecraftServer/]: Saving chunks for level 'ServerLevel[New World]'/aether:the_aether
[12Sep2024 00:12:07.466] [Server thread/INFO] [net.minecraft.client.server.IntegratedServer/]: Saving and pausing game...
[12Sep2024 00:12:07.482] [Server thread/INFO] [net.minecraft.server.MinecraftServer/]: Saving chunks for level 'ServerLevel[New World]'/minecraft:overworld
[12Sep2024 00:12:07.487] [Server thread/INFO] [net.minecraft.server.MinecraftServer/]: Saving chunks for level 'ServerLevel[New World]'/deeperdarker:otherside
[12Sep2024 00:12:07.488] [Server thread/INFO] [net.minecraft.server.MinecraftServer/]: Saving chunks for level 'ServerLevel[New World]'/minecraft:the_end
[12Sep2024 00:12:07.489] [Server thread/INFO] [net.minecraft.server.MinecraftServer/]: Saving chunks for level 'ServerLevel[New World]'/minecraft:the_nether
[12Sep2024 00:12:07.489] [Server thread/INFO] [net.minecraft.server.MinecraftServer/]: Saving chunks for level 'ServerLevel[New World]'/blue_skies:everbright
[12Sep2024 00:12:07.491] [Server thread/INFO] [net.minecraft.server.MinecraftServer/]: Saving chunks for level 'ServerLevel[New World]'/blue_skies:everdawn
[12Sep2024 00:12:07.491] [Server thread/INFO] [net.minecraft.server.MinecraftServer/]: Saving chunks for level 'ServerLevel[New World]'/twilightforest:twilight_forest
[12Sep2024 00:12:07.492] [Server thread/INFO] [net.minecraft.server.MinecraftServer/]: Saving chunks for level 'ServerLevel[New World]'/aether:the_aether
[12Sep2024 00:13:39.564] [Server thread/INFO] [net.minecraft.client.server.IntegratedServer/]: Saving and pausing game...
[12Sep2024 00:13:39.582] [Server thread/INFO] [net.minecraft.server.MinecraftServer/]: Saving chunks for level 'ServerLevel[New World]'/minecraft:overworld
[12Sep2024 00:13:39.588] [Server thread/INFO] [net.minecraft.server.MinecraftServer/]: Saving chunks for level 'ServerLevel[New World]'/deeperdarker:otherside
[12Sep2024 00:13:39.589] [Server thread/INFO] [net.minecraft.server.MinecraftServer/]: Saving chunks for level 'ServerLevel[New World]'/minecraft:the_end
[12Sep2024 00:13:39.591] [Server thread/INFO] [net.minecraft.server.MinecraftServer/]: Saving chunks for level 'ServerLevel[New World]'/minecraft:the_nether
[12Sep2024 00:13:39.591] [Server thread/INFO] [net.minecraft.server.MinecraftServer/]: Saving chunks for level 'ServerLevel[New World]'/blue_skies:everbright
[12Sep2024 00:13:39.592] [Server thread/INFO] [net.minecraft.server.MinecraftServer/]: Saving chunks for level 'ServerLevel[New World]'/blue_skies:everdawn
[12Sep2024 00:13:39.594] [Server thread/INFO] [net.minecraft.server.MinecraftServer/]: Saving chunks for level 'ServerLevel[New World]'/twilightforest:twilight_forest
[12Sep2024 00:13:39.596] [Server thread/INFO] [net.minecraft.server.MinecraftServer/]: Saving chunks for level 'ServerLevel[New World]'/aether:the_aether
[12Sep2024 00:15:30.615] [Server thread/INFO] [net.minecraft.client.server.IntegratedServer/]: Saving and pausing game...
[12Sep2024 00:15:30.633] [Server thread/INFO] [net.minecraft.server.MinecraftServer/]: Saving chunks for level 'ServerLevel[New World]'/minecraft:overworld
[12Sep2024 00:15:30.638] [Server thread/INFO] [net.minecraft.server.MinecraftServer/]: Saving chunks for level 'ServerLevel[New World]'/deeperdarker:otherside
[12Sep2024 00:15:30.639] [Server thread/INFO] [net.minecraft.server.MinecraftServer/]: Saving chunks for level 'ServerLevel[New World]'/minecraft:the_end
[12Sep2024 00:15:30.641] [Server thread/INFO] [net.minecraft.server.MinecraftServer/]: Saving chunks for level 'ServerLevel[New World]'/minecraft:the_nether
[12Sep2024 00:15:30.642] [Server thread/INFO] [net.minecraft.server.MinecraftServer/]: Saving chunks for level 'ServerLevel[New World]'/blue_skies:everbright
[12Sep2024 00:15:30.644] [Server thread/INFO] [net.minecraft.server.MinecraftServer/]: Saving chunks for level 'ServerLevel[New World]'/blue_skies:everdawn
[12Sep2024 00:15:30.645] [Server thread/INFO] [net.minecraft.server.MinecraftServer/]: Saving chunks for level 'ServerLevel[New World]'/twilightforest:twilight_forest
[12Sep2024 00:15:30.646] [Server thread/INFO] [net.minecraft.server.MinecraftServer/]: Saving chunks for level 'ServerLevel[New World]'/aether:the_aether
[12Sep2024 00:15:59.016] [Server thread/INFO] [net.minecraft.client.server.IntegratedServer/]: Saving and pausing game...
[12Sep2024 00:15:59.041] [Server thread/INFO] [net.minecraft.server.MinecraftServer/]: Saving chunks for level 'ServerLevel[New World]'/minecraft:overworld
[12Sep2024 00:15:59.046] [Server thread/INFO] [net.minecraft.server.MinecraftServer/]: Saving chunks for level 'ServerLevel[New World]'/deeperdarker:otherside
[12Sep2024 00:15:59.046] [Server thread/INFO] [net.minecraft.server.MinecraftServer/]: Saving chunks for level 'ServerLevel[New World]'/minecraft:the_end
[12Sep2024 00:15:59.047] [Server thread/INFO] [net.minecraft.server.MinecraftServer/]: Saving chunks for level 'ServerLevel[New World]'/minecraft:the_nether
[12Sep2024 00:15:59.048] [Server thread/INFO] [net.minecraft.server.MinecraftServer/]: Saving chunks for level 'ServerLevel[New World]'/blue_skies:everbright
[12Sep2024 00:15:59.049] [Server thread/INFO] [net.minecraft.server.MinecraftServer/]: Saving chunks for level 'ServerLevel[New World]'/blue_skies:everdawn
[12Sep2024 00:15:59.049] [Server thread/INFO] [net.minecraft.server.MinecraftServer/]: Saving chunks for level 'ServerLevel[New World]'/twilightforest:twilight_forest
[12Sep2024 00:15:59.057] [Server thread/INFO] [net.minecraft.server.MinecraftServer/]: Saving chunks for level 'ServerLevel[New World]'/aether:the_aether
[12Sep2024 00:17:44.065] [Server thread/INFO] [net.minecraft.client.server.IntegratedServer/]: Saving and pausing game...
[12Sep2024 00:17:44.086] [Server thread/INFO] [net.minecraft.server.MinecraftServer/]: Saving chunks for level 'ServerLevel[New World]'/minecraft:overworld
[12Sep2024 00:17:44.094] [Server thread/INFO] [net.minecraft.server.MinecraftServer/]: Saving chunks for level 'ServerLevel[New World]'/deeperdarker:otherside
[12Sep2024 00:17:44.094] [Server thread/INFO] [net.minecraft.server.MinecraftServer/]: Saving chunks for level 'ServerLevel[New World]'/minecraft:the_end
[12Sep2024 00:17:44.095] [Server thread/INFO] [net.minecraft.server.MinecraftServer/]: Saving chunks for level 'ServerLevel[New World]'/minecraft:the_nether
[12Sep2024 00:17:44.096] [Server thread/INFO] [net.minecraft.server.MinecraftServer/]: Saving chunks for level 'ServerLevel[New World]'/blue_skies:everbright
[12Sep2024 00:17:44.096] [Server thread/INFO] [net.minecraft.server.MinecraftServer/]: Saving chunks for level 'ServerLevel[New World]'/blue_skies:everdawn
[12Sep2024 00:17:44.097] [Server thread/INFO] [net.minecraft.server.MinecraftServer/]: Saving chunks for level 'ServerLevel[New World]'/twilightforest:twilight_forest
[12Sep2024 00:17:44.098] [Server thread/INFO] [net.minecraft.server.MinecraftServer/]: Saving chunks for level 'ServerLevel[New World]'/aether:the_aether
[12Sep2024 00:18:34.015] [Server thread/INFO] [net.minecraft.client.server.IntegratedServer/]: Saving and pausing game...
[12Sep2024 00:18:34.036] [Server thread/INFO] [net.minecraft.server.MinecraftServer/]: Saving chunks for level 'ServerLevel[New World]'/minecraft:overworld
[12Sep2024 00:18:34.051] [Server thread/INFO] [net.minecraft.server.MinecraftServer/]: Saving chunks for level 'ServerLevel[New World]'/deeperdarker:otherside
[12Sep2024 00:18:34.052] [Server thread/INFO] [net.minecraft.server.MinecraftServer/]: Saving chunks for level 'ServerLevel[New World]'/minecraft:the_end
[12Sep2024 00:18:34.053] [Server thread/INFO] [net.minecraft.server.MinecraftServer/]: Saving chunks for level 'ServerLevel[New World]'/minecraft:the_nether
[12Sep2024 00:18:34.053] [Server thread/INFO] [net.minecraft.server.MinecraftServer/]: Saving chunks for level 'ServerLevel[New World]'/blue_skies:everbright
[12Sep2024 00:18:34.054] [Server thread/INFO] [net.minecraft.server.MinecraftServer/]: Saving chunks for level 'ServerLevel[New World]'/blue_skies:everdawn
[12Sep2024 00:18:34.054] [Server thread/INFO] [net.minecraft.server.MinecraftServer/]: Saving chunks for level 'ServerLevel[New World]'/twilightforest:twilight_forest
[12Sep2024 00:18:34.055] [Server thread/INFO] [net.minecraft.server.MinecraftServer/]: Saving chunks for level 'ServerLevel[New World]'/aether:the_aether
[12Sep2024 00:19:20.606] [Render thread/INFO] [de.keksuccino.fancymenu.customization.layer.ScreenCustomizationLayerHandler/]: [FANCYMENU] ScreenCustomizationLayer registered: dispenser_screen
[12Sep2024 00:20:03.966] [Server thread/INFO] [net.minecraft.client.server.IntegratedServer/]: Saving and pausing game...
[12Sep2024 00:20:03.986] [Server thread/INFO] [net.minecraft.server.MinecraftServer/]: Saving chunks for level 'ServerLevel[New World]'/minecraft:overworld
[12Sep2024 00:20:03.992] [Server thread/INFO] [net.minecraft.server.MinecraftServer/]: Saving chunks for level 'ServerLevel[New World]'/deeperdarker:otherside
[12Sep2024 00:20:03.993] [Server thread/INFO] [net.minecraft.server.MinecraftServer/]: Saving chunks for level 'ServerLevel[New World]'/minecraft:the_end
[12Sep2024 00:20:03.993] [Server thread/INFO] [net.minecraft.server.MinecraftServer/]: Saving chunks for level 'ServerLevel[New World]'/minecraft:the_nether
[12Sep2024 00:20:03.994] [Server thread/INFO] [net.minecraft.server.MinecraftServer/]: Saving chunks for level 'ServerLevel[New World]'/blue_skies:everbright
[12Sep2024 00:20:03.995] [Server thread/INFO] [net.minecraft.server.MinecraftServer/]: Saving chunks for level 'ServerLevel[New World]'/blue_skies:everdawn
[12Sep2024 00:20:03.996] [Server thread/INFO] [net.minecraft.server.MinecraftServer/]: Saving chunks for level 'ServerLevel[New World]'/twilightforest:twilight_forest
[12Sep2024 00:20:03.997] [Server thread/INFO] [net.minecraft.server.MinecraftServer/]: Saving chunks for level 'ServerLevel[New World]'/aether:the_aether
[12Sep2024 00:27:49.534] [Server thread/INFO] [net.minecraft.server.MinecraftServer/]: Loverwyrm has completed the challenge [Serious Dedication]
[12Sep2024 00:27:49.538] [Render thread/INFO] [net.minecraft.client.gui.components.ChatComponent/]: [CHAT] Loverwyrm has completed the challenge [Serious Dedication]
[12Sep2024 00:27:49.576] [Render thread/INFO] [net.minecraft.advancements.AdvancementList/]: Loaded 1191 advancements
[12Sep2024 00:28:58.057] [Server thread/INFO] [net.minecraft.server.MinecraftServer/]: Loverwyrm has made the advancement [A Seedy Place]
[12Sep2024 00:28:58.066] [Render thread/INFO] [net.minecraft.client.gui.components.ChatComponent/]: [CHAT] Loverwyrm has made the advancement [A Seedy Place]
[12Sep2024 00:28:58.070] [Render thread/INFO] [net.minecraft.advancements.AdvancementList/]: Loaded 1191 advancements
[12Sep2024 00:35:29.327] [Server thread/INFO] [net.minecraft.server.MinecraftServer/]: Loverwyrm has made the advancement [The Parrots and the Bats]
[12Sep2024 00:35:29.329] [Render thread/INFO] [net.minecraft.client.gui.components.ChatComponent/]: [CHAT] Loverwyrm has made the advancement [The Parrots and the Bats]
[12Sep2024 00:35:29.372] [Render thread/INFO] [net.minecraft.advancements.AdvancementList/]: Loaded 1191 advancements
[12Sep2024 00:39:20.949] [Render thread/INFO] [Oculus/]: Destroying pipeline NamespacedId{namespace='minecraft', name='overworld'}
[12Sep2024 00:39:20.949] [Render thread/INFO] [Oculus/]: Shaders are disabled because enableShaders is set to false in iris.properties
[12Sep2024 00:39:20.951] [Render thread/INFO] [Oculus/]: Shaders are disabled
[12Sep2024 00:39:20.951] [Render thread/INFO] [Oculus/]: Creating pipeline for dimension NamespacedId{namespace='minecraft', name='overworld'}
[12Sep2024 00:39:20.959] [Render thread/INFO] [ChunkBuilder/]: Stopping worker threads
[12Sep2024 00:39:20.979] [Render thread/INFO] [ChunkBuilder/]: Started 2 worker threads
[12Sep2024 00:39:20.987] [Render thread/INFO] [net.minecraft.client.gui.components.ChatComponent/]: [CHAT] Shaders Reloaded!
[12Sep2024 00:54:29.414] [Server thread/INFO] [net.minecraft.client.server.IntegratedServer/]: Saving and pausing game...
[12Sep2024 00:54:29.432] [Server thread/INFO] [net.minecraft.server.MinecraftServer/]: Saving chunks for level 'ServerLevel[New World]'/minecraft:overworld
[12Sep2024 00:54:29.438] [Server thread/INFO] [net.minecraft.server.MinecraftServer/]: Saving chunks for level 'ServerLevel[New World]'/deeperdarker:otherside
[12Sep2024 00:54:29.440] [Server thread/INFO] [net.minecraft.server.MinecraftServer/]: Saving chunks for level 'ServerLevel[New World]'/minecraft:the_end
[12Sep2024 00:54:29.440] [Server thread/INFO] [net.minecraft.server.MinecraftServer/]: Saving chunks for level 'ServerLevel[New World]'/minecraft:the_nether
[12Sep2024 00:54:29.443] [Server thread/INFO] [net.minecraft.server.MinecraftServer/]: Saving chunks for level 'ServerLevel[New World]'/blue_skies:everbright
[12Sep2024 00:54:29.445] [Server thread/INFO] [net.minecraft.server.MinecraftServer/]: Saving chunks for level 'ServerLevel[New World]'/blue_skies:everdawn
[12Sep2024 00:54:29.445] [Server thread/INFO] [net.minecraft.server.MinecraftServer/]: Saving chunks for level 'ServerLevel[New World]'/twilightforest:twilight_forest
[12Sep2024 00:54:29.446] [Server thread/INFO] [net.minecraft.server.MinecraftServer/]: Saving chunks for level 'ServerLevel[New World]'/aether:the_aether
[12Sep2024 00:57:12.324] [Render thread/INFO] [net.minecraft.advancements.AdvancementList/]: Loaded 1191 advancements
[12Sep2024 01:09:21.947] [Server thread/INFO] [net.minecraft.server.MinecraftServer/]: Loverwyrm has made the advancement [The Only Good Bug...]
[12Sep2024 01:09:21.952] [Render thread/INFO] [net.minecraft.client.gui.components.ChatComponent/]: [CHAT] Loverwyrm has made the advancement [The Only Good Bug...]
[12Sep2024 01:09:21.985] [Render thread/INFO] [net.minecraft.advancements.AdvancementList/]: Loaded 1201 advancements
[12Sep2024 01:17:41.416] [Server thread/INFO] [net.minecraft.client.server.IntegratedServer/]: Saving and pausing game...
[12Sep2024 01:17:41.437] [Server thread/INFO] [net.minecraft.server.MinecraftServer/]: Saving chunks for level 'ServerLevel[New World]'/minecraft:overworld
[12Sep2024 01:17:41.443] [Server thread/INFO] [net.minecraft.server.MinecraftServer/]: Saving chunks for level 'ServerLevel[New World]'/deeperdarker:otherside
[12Sep2024 01:17:41.444] [Server thread/INFO] [net.minecraft.server.MinecraftServer/]: Saving chunks for level 'ServerLevel[New World]'/minecraft:the_end
[12Sep2024 01:17:41.445] [Server thread/INFO] [net.minecraft.server.MinecraftServer/]: Saving chunks for level 'ServerLevel[New World]'/minecraft:the_nether
[12Sep2024 01:17:41.446] [Server thread/INFO] [net.minecraft.server.MinecraftServer/]: Saving chunks for level 'ServerLevel[New World]'/blue_skies:everbright
[12Sep2024 01:17:41.447] [Server thread/INFO] [net.minecraft.server.MinecraftServer/]: Saving chunks for level 'ServerLevel[New World]'/blue_skies:everdawn
[12Sep2024 01:17:41.447] [Server thread/INFO] [net.minecraft.server.MinecraftServer/]: Saving chunks for level 'ServerLevel[New World]'/twilightforest:twilight_forest
[12Sep2024 01:17:41.449] [Server thread/INFO] [net.minecraft.server.MinecraftServer/]: Saving chunks for level 'ServerLevel[New World]'/aether:the_aether
[12Sep2024 01:18:58.416] [Server thread/INFO] [net.minecraft.client.server.IntegratedServer/]: Saving and pausing game...
[12Sep2024 01:18:58.448] [Server thread/INFO] [net.minecraft.server.MinecraftServer/]: Saving chunks for level 'ServerLevel[New World]'/minecraft:overworld
[12Sep2024 01:18:58.463] [Server thread/INFO] [net.minecraft.server.MinecraftServer/]: Saving chunks for level 'ServerLevel[New World]'/deeperdarker:otherside
[12Sep2024 01:18:58.464] [Server thread/INFO] [net.minecraft.server.MinecraftServer/]: Saving chunks for level 'ServerLevel[New World]'/minecraft:the_end
[12Sep2024 01:18:58.465] [Server thread/INFO] [net.minecraft.server.MinecraftServer/]: Saving chunks for level 'ServerLevel[New World]'/minecraft:the_nether
[12Sep2024 01:18:58.467] [Server thread/INFO] [net.minecraft.server.MinecraftServer/]: Saving chunks for level 'ServerLevel[New World]'/blue_skies:everbright
[12Sep2024 01:18:58.467] [Server thread/INFO] [net.minecraft.server.MinecraftServer/]: Saving chunks for level 'ServerLevel[New World]'/blue_skies:everdawn
[12Sep2024 01:18:58.467] [Server thread/INFO] [net.minecraft.server.MinecraftServer/]: Saving chunks for level 'ServerLevel[New World]'/twilightforest:twilight_forest
[12Sep2024 01:18:58.469] [Server thread/INFO] [net.minecraft.server.MinecraftServer/]: Saving chunks for level 'ServerLevel[New World]'/aether:the_aether
[12Sep2024 01:18:59.212] [Render thread/INFO] [xaero.map.WorldMap/]: Finalizing world map session...
[12Sep2024 01:18:59.292] [Thread-26/INFO] [xaero.map.WorldMap/]: World map cleaned normally!
[12Sep2024 01:18:59.318] [Render thread/INFO] [xaero.map.WorldMap/]: World map session finalized.
[12Sep2024 01:18:59.320] [Render thread/INFO] [xaero.hud.minimap.MinimapLogs/]: Xaero hud session finalized.
[12Sep2024 01:18:59.322] [Render thread/INFO] [fr.rakambda.fallingtree.common.network.PacketUtils/]: Disconnected from server, resetting proxy config values
[12Sep2024 01:18:59.322] [Render thread/INFO] [mezz.jei.forge.startup.StartEventObserver/]: JEI StartEventObserver received class net.minecraftforge.client.event.ClientPlayerNetworkEvent$LoggingOut
[12Sep2024 01:18:59.322] [Render thread/INFO] [mezz.jei.forge.startup.StartEventObserver/]: JEI StartEventObserver transitioning state from JEI_STARTED to DISABLED
[12Sep2024 01:18:59.322] [Render thread/INFO] [mezz.jei.library.startup.JeiStarter/]: Stopping JEI
[12Sep2024 01:18:59.322] [Render thread/INFO] [mezz.jei.library.load.PluginCaller/]: Sending Runtime Unavailable...
[12Sep2024 01:18:59.323] [Render thread/INFO] [mezz.jei.forge.plugins.forge.ForgeGuiPlugin/]: Stopping JEI GUI
[12Sep2024 01:18:59.329] [Render thread/INFO] [mezz.jei.library.load.PluginCaller/]: Sending Runtime Unavailable took 6.102 ms
[12Sep2024 01:18:59.329] [Render thread/INFO] [inventoryhud/]: Curios disabled
[12Sep2024 01:18:59.333] [Sound engine/ERROR] [com.mojang.blaze3d.audio.OpenAlUtil/]: Stop: Invalid name parameter.
[12Sep2024 01:18:59.385] [Server thread/INFO] [net.minecraft.server.network.ServerGamePacketListenerImpl/]: Loverwyrm lost connection: Disconnected
[12Sep2024 01:18:59.386] [Server thread/INFO] [net.minecraft.server.MinecraftServer/]: Loverwyrm left the game
[12Sep2024 01:18:59.389] [Server thread/INFO] [xaero.pac.OpenPartiesAndClaims/]: Updating all forceload tickets for 57cdda0c-50a7-4367-a4db-825d002e2689
[12Sep2024 01:18:59.414] [Server thread/INFO] [net.minecraft.server.network.ServerGamePacketListenerImpl/]: Stopping singleplayer server as player logged out
[12Sep2024 01:18:59.437] [Server thread/INFO] [net.minecraft.server.MinecraftServer/]: Stopping server
[12Sep2024 01:18:59.439] [Server thread/INFO] [net.minecraft.server.MinecraftServer/]: Saving players
[12Sep2024 01:18:59.440] [Server thread/INFO] [net.minecraft.server.MinecraftServer/]: Saving worlds
[12Sep2024 01:18:59.700] [Server thread/INFO] [net.minecraft.server.MinecraftServer/]: Saving chunks for level 'ServerLevel[New World]'/minecraft:overworld
[12Sep2024 01:19:00.158] [Server thread/INFO] [net.minecraft.server.MinecraftServer/]: Saving chunks for level 'ServerLevel[New World]'/deeperdarker:otherside
[12Sep2024 01:19:00.159] [Server thread/INFO] [net.minecraft.server.MinecraftServer/]: Saving chunks for level 'ServerLevel[New World]'/minecraft:the_end
[12Sep2024 01:19:00.159] [Server thread/INFO] [net.minecraft.server.MinecraftServer/]: Saving chunks for level 'ServerLevel[New World]'/minecraft:the_nether
[12Sep2024 01:19:00.175] [Server thread/INFO] [net.minecraft.server.MinecraftServer/]: Saving chunks for level 'ServerLevel[New World]'/blue_skies:everbright
[12Sep2024 01:19:00.176] [Server thread/INFO] [net.minecraft.server.MinecraftServer/]: Saving chunks for level 'ServerLevel[New World]'/blue_skies:everdawn
[12Sep2024 01:19:00.177] [Server thread/INFO] [net.minecraft.server.MinecraftServer/]: Saving chunks for level 'ServerLevel[New World]'/twilightforest:twilight_forest
[12Sep2024 01:19:00.179] [Server thread/INFO] [net.minecraft.server.MinecraftServer/]: Saving chunks for level 'ServerLevel[New World]'/aether:the_aether
[12Sep2024 01:19:00.390] [Server thread/INFO] [net.minecraft.server.MinecraftServer/]: ThreadedAnvilChunkStorage (New World): All chunks are saved
[12Sep2024 01:19:00.390] [Server thread/INFO] [net.minecraft.server.MinecraftServer/]: ThreadedAnvilChunkStorage (otherside): All chunks are saved
[12Sep2024 01:19:00.390] [Server thread/INFO] [net.minecraft.server.MinecraftServer/]: ThreadedAnvilChunkStorage (DIM1): All chunks are saved
[12Sep2024 01:19:00.390] [Server thread/INFO] [net.minecraft.server.MinecraftServer/]: ThreadedAnvilChunkStorage (DIM-1): All chunks are saved
[12Sep2024 01:19:00.390] [Server thread/INFO] [net.minecraft.server.MinecraftServer/]: ThreadedAnvilChunkStorage (everbright): All chunks are saved
[12Sep2024 01:19:00.390] [Server thread/INFO] [net.minecraft.server.MinecraftServer/]: ThreadedAnvilChunkStorage (everdawn): All chunks are saved
[12Sep2024 01:19:00.390] [Server thread/INFO] [net.minecraft.server.MinecraftServer/]: ThreadedAnvilChunkStorage (twilight_forest): All chunks are saved
[12Sep2024 01:19:00.390] [Server thread/INFO] [net.minecraft.server.MinecraftServer/]: ThreadedAnvilChunkStorage (the_aether): All chunks are saved
[12Sep2024 01:19:00.390] [Server thread/INFO] [net.minecraft.server.MinecraftServer/]: ThreadedAnvilChunkStorage: All dimensions are saved
[12Sep2024 01:19:01.293] [Server thread/INFO] [xaero.pac.OpenPartiesAndClaims/]: Stopping IO worker...
[12Sep2024 01:19:01.300] [Server thread/INFO] [xaero.pac.OpenPartiesAndClaims/]: Stopped IO worker!
[12Sep2024 01:19:01.301] [Server thread/INFO] [Framework/]: Unloading server configs...
[12Sep2024 01:19:01.303] [Server thread/INFO] [Framework/]: Sending config unload event for backpacked.server.toml
[12Sep2024 01:19:01.360] [Render thread/INFO] [ChunkBuilder/]: Stopping worker threads
[12Sep2024 01:19:01.374] [Render thread/INFO] [Entity Texture Features/]: emissive suffixes loaded: {_e}.
[12Sep2024 01:19:03.146] [Render thread/INFO] [net.minecraft.client.Minecraft/]: Stopping!
[12Sep2024 01:19:03.153] [Render thread/INFO] [fr.rakambda.fallingtree.common.network.PacketUtils/]: Disconnected from server, resetting proxy config values
[12Sep2024 01:19:03.154] [Render thread/INFO] [inventoryhud/]: Curios disabled
